   ** Warning **  Slab thickness [0.100 m] reset to 0.122 m  for computational stability.
 3-D SLAB MODEL INPUT SUMMARY

	RUN IDENTIFIER: SLAB 
	WEATHER FILE ID: SGP_SINGAPORE-CHANGI-IAP - SGP Custom-486980
	LONGITUDE (DEG): -104.0 LATITUDE (DEG):   1.4
	STANDARD TIME MERIDIAN (DEG): -105.0
	ELEVATION (M):    6.0

 SOIL AND SURFACE PROPERTIES:

 ALBEDO:
 NO SNOW: 0.1600     SNOW: 0.4000    
 LONG-WAVE EMISSIVITY:
 NO SNOW: 0.9000     SNOW: 0.9000    
 ROUGHNESS LENGTH (CM):
 NO SNOW: 0.7500    	SNOW: 0.5000E-01
 DENSITY (KG/M**3):  1200.    
 SPECIFIC HEAT (J/KG/K):  1200.    
 THERMAL CONDUCTIVTTY (W/M/K):  1.000    

 FLOOR MATERIAL PROPERTIES AND DIMENSIONS:

 DENSITY:  2300.    
 SPECIFIC HEAT:  650.0    
 THERMAL CONDUCTIVITY: 0.9000    
 UNDER-SLAB INSULATION:	RESISTANCE (M**2 K/W):  0.000     WIDTH (M):  0.000    
 FOUNDATION WALL INSULATION RESISTANCE (M**2 K/W):  0.000     DEPTH (m): 0.6000    
 FLOOR SHAPE: 0
 FLOOR AREA (M**2):  109.2    
 PERIMETER (M):  41.81    
 MIN X (M): -5.226     MAX X:  5.226    
 MIN Y (M): -5.226     MAX Y:  5.226    
 FLOOR THICKNESS (M): 0.1225    
 BUILDING HEIGHT (M):  4.000    

 BOUNDARY CONDITIONS:

 INSIDE AIR TEMP(June). (C): 23.88    
 FLOOR-AIR HEAT TRANSFER COEFF. (W/M**2/K): 
 Q INTO FLOOR:  6.000     Q OUT OF FLOOR:  9.000    
 ZERO EVAPORATION SURFACE BOUNDARY
 NO SHADING OF GROUND BY BUILDING INCLUDED
 FIXED TEMPERATURE LOWER BOUNDARY
 CELL X-COORDINATES (M):
 -20.23 -17.23 -14.23 -11.23  -8.23  -7.23  -6.23  -5.73  -5.43  -5.23
  -5.03  -4.73  -4.23  -3.23  -2.23  -0.23   0.00   0.23   2.23   3.23
   4.23   4.73   5.03   5.23   5.43   5.73   6.23   7.23   8.23  11.23
  14.23  17.23  20.23
 CELL Y-COORDINATES (M):
 -20.23 -17.23 -14.23 -11.23  -8.23  -7.23  -6.23  -5.73  -5.43  -5.23
  -5.03  -4.73  -4.23  -3.23  -2.23  -0.23   0.00   0.23   2.23   3.23
   4.23   4.73   5.03   5.23   5.43   5.73   6.23   7.23   8.23  11.23
  14.23  17.23  20.23
 CELL Z-COORDINATES (M):
   0.00   0.12   0.37   0.53   1.00   1.50   2.00   3.00   4.00  15.00

MAXITER=    10
Convergence Tolerance=      0.100    
